<?xml version="1.0" encoding="UTF-8"?>
<!-- Generated by org.testng.reporters.JUnitReportReporter -->
<testsuite skipped="0" hostname="LAPTOP-UENDTS9R" name="testNG.NewTest" tests="3" failures="0" timestamp="29 Apr 2020 11:54:36 GMT" time="81.494" errors="0">
  <testcase name="Login" time="7.052" classname="testNG.NewTest"/>
  <testcase name="MPOForPatient" time="23.428" classname="testNG.NewTest"/>
  <testcase name="MPOStockAddition" time="51.014" classname="testNG.NewTest"/>
</testsuite> <!-- testNG.NewTest -->
